2021-07-31 17:07:41,086 parse_helper.py[line:568] ERROR list index out of range
2021-07-31 17:07:46,031 parse_helper.py[line:874] ERROR 'dict' object has no attribute 'append'
2021-07-31 17:07:46,031 parse_helper.py[line:809] ERROR 0
2021-07-31 17:07:46,031 parse_helper.py[line:837] ERROR 'goods'
2021-07-31 17:07:46,054 parse_helper.py[line:874] ERROR 'dict' object has no attribute 'append'
2021-07-31 17:09:14,071 parse_helper.py[line:568] ERROR list index out of range
2021-07-31 17:09:24,385 parse_helper.py[line:568] ERROR list index out of range
2021-07-31 17:09:30,150 parse_helper.py[line:756] ERROR list index out of range
2021-07-31 17:09:30,152 parse_helper.py[line:809] ERROR 'name'
2021-07-31 17:09:30,152 parse_helper.py[line:837] ERROR 'goods'
2021-07-31 17:11:37,998 parse_helper.py[line:568] ERROR list index out of range
2021-07-31 17:11:43,602 parse_helper.py[line:756] ERROR list index out of range
2021-07-31 17:11:43,604 parse_helper.py[line:813] ERROR 'name'
2021-07-31 17:11:43,605 parse_helper.py[line:841] ERROR 'goods'
2021-07-31 17:12:43,693 parse_helper.py[line:568] ERROR list index out of range
2021-07-31 17:12:48,352 parse_helper.py[line:756] ERROR list index out of range
2021-07-31 17:12:48,353 parse_helper.py[line:815] ERROR 'name'
2021-07-31 17:12:48,353 parse_helper.py[line:843] ERROR 'goods'
2021-07-31 17:14:06,846 parse_helper.py[line:568] ERROR list index out of range
2021-07-31 17:14:12,387 parse_helper.py[line:756] ERROR list index out of range
2021-07-31 17:14:12,389 parse_helper.py[line:815] ERROR 'name'
2021-07-31 17:14:12,389 parse_helper.py[line:843] ERROR 'goods'
2021-07-31 17:15:04,223 parse_helper.py[line:568] ERROR list index out of range
2021-07-31 17:15:09,443 parse_helper.py[line:754] ERROR list index out of range
2021-07-31 17:15:09,445 parse_helper.py[line:813] ERROR 'name'
2021-07-31 17:15:09,445 parse_helper.py[line:841] ERROR 'goods'
2021-07-31 17:16:41,353 parse_helper.py[line:568] ERROR list index out of range
2021-07-31 17:16:48,058 parse_helper.py[line:753] ERROR list index out of range
2021-07-31 17:16:48,060 parse_helper.py[line:814] ERROR 'name'
2021-07-31 17:16:48,060 parse_helper.py[line:842] ERROR 'goods'
2021-07-31 17:18:44,347 parse_helper.py[line:568] ERROR list index out of range
2021-07-31 17:18:49,524 parse_helper.py[line:753] ERROR list index out of range
2021-07-31 17:20:07,049 parse_helper.py[line:568] ERROR list index out of range
2021-07-31 17:20:12,511 parse_helper.py[line:753] ERROR list index out of range
2021-07-31 17:20:12,513 parse_helper.py[line:816] ERROR 'name'
2021-07-31 17:20:12,513 parse_helper.py[line:844] ERROR 'goods'
2021-07-31 17:24:04,186 parse_helper.py[line:568] ERROR list index out of range
2021-07-31 17:24:09,518 parse_helper.py[line:754] ERROR list index out of range
2021-07-31 17:24:09,520 parse_helper.py[line:818] ERROR 'name'
2021-07-31 17:24:09,520 parse_helper.py[line:846] ERROR 'goods'
2021-07-31 17:26:07,265 parse_helper.py[line:568] ERROR list index out of range
2021-07-31 17:26:13,240 parse_helper.py[line:753] ERROR list index out of range
2021-07-31 17:29:02,072 parse_helper.py[line:568] ERROR list index out of range
2021-07-31 17:29:08,536 parse_helper.py[line:753] ERROR list index out of range
2021-07-31 17:30:19,357 parse_helper.py[line:568] ERROR list index out of range
2021-07-31 17:30:28,351 parse_helper.py[line:776] ERROR list index out of range
2021-07-31 17:30:28,352 parse_helper.py[line:963] ERROR 'dimensions'
2021-07-31 17:31:11,439 parse_helper.py[line:568] ERROR list index out of range
2021-07-31 17:31:17,420 parse_helper.py[line:776] ERROR list index out of range
2021-07-31 17:31:17,420 parse_helper.py[line:963] ERROR 'dimensions'
2021-07-31 17:31:46,817 parse_helper.py[line:568] ERROR list index out of range
2021-07-31 17:47:24,680 parse_helper.py[line:565] ERROR list index out of range
